Build started 4/21/2012 12:56:10 PM.
     1>Project "C:\Users\helos\Programming\cs3240\school-project\final-project\final-project.vcxproj" on node 2 (build target(s)).
     1>InitializeBuildStatus:
         Creating "Debug\final-project.unsuccessfulbuild" because "AlwaysCreate" was specified.
       ClCompile:
         C:\Program Files (x86)\Microsoft Visual Studio 10.0\VC\bin\CL.exe /c /ZI /nologo /W3 /WX- /Od /Oy- /D WIN32 /D _DEBUG /D _CONSOLE /D _UNICODE /D UNICODE /Gm /EHsc /RTC1 /MDd /GS /fp:precise /Zc:wchar_t /Zc:forScope /Fo"Debug\\" /Fd"Debug\vc100.pdb" /Gd /TP /analyze- /errorReport:prompt main.cpp
         main.cpp
       ManifestResourceCompile:
         C:\Program Files (x86)\Microsoft SDKs\Windows\v7.0A\bin\rc.exe /nologo /fo"Debug\final-project.exe.embed.manifest.res" Debug\final-project_manifest.rc 
       Link:
         C:\Program Files (x86)\Microsoft Visual Studio 10.0\VC\bin\link.exe /ERRORREPORT:PROMPT /OUT:"C:\Users\helos\Programming\cs3240\school-project\final-project\Debug\final-project.exe" /INCREMENTAL /NOLOGO kernel32.lib user32.lib gdi32.lib winspool.lib comdlg32.lib advapi32.lib shell32.lib ole32.lib oleaut32.lib uuid.lib odbc32.lib odbccp32.lib /MANIFEST /ManifestFile:"Debug\final-project.exe.intermediate.manifest" /MANIFESTUAC:"level='asInvoker' uiAccess='false'" /DEBUG /PDB:"C:\Users\helos\Programming\cs3240\school-project\final-project\Debug\final-project.pdb" /SUBSYSTEM:CONSOLE /TLBID:1 /DYNAMICBASE /NXCOMPAT /IMPLIB:"C:\Users\helos\Programming\cs3240\school-project\final-project\Debug\final-project.lib" /MACHINE:X86 "Debug\final-project.exe.embed.manifest.res"
         Debug\main.obj
       Manifest:
         C:\Program Files (x86)\Microsoft SDKs\Windows\v7.0A\bin\mt.exe /nologo /verbose /out:"Debug\final-project.exe.embed.manifest" /manifest "Debug\final-project.exe.intermediate.manifest"
         C:\Program Files (x86)\Microsoft SDKs\Windows\v7.0A\bin\rc.exe /nologo /fo"Debug\final-project.exe.embed.manifest.res" Debug\final-project_manifest.rc 
       LinkEmbedManifest:
         C:\Program Files (x86)\Microsoft Visual Studio 10.0\VC\bin\link.exe /ERRORREPORT:PROMPT /OUT:"C:\Users\helos\Programming\cs3240\school-project\final-project\Debug\final-project.exe" /INCREMENTAL /NOLOGO kernel32.lib user32.lib gdi32.lib winspool.lib comdlg32.lib advapi32.lib shell32.lib ole32.lib oleaut32.lib uuid.lib odbc32.lib odbccp32.lib /MANIFEST /ManifestFile:"Debug\final-project.exe.intermediate.manifest" /MANIFESTUAC:"level='asInvoker' uiAccess='false'" /DEBUG /PDB:"C:\Users\helos\Programming\cs3240\school-project\final-project\Debug\final-project.pdb" /SUBSYSTEM:CONSOLE /TLBID:1 /DYNAMICBASE /NXCOMPAT /IMPLIB:"C:\Users\helos\Programming\cs3240\school-project\final-project\Debug\final-project.lib" /MACHINE:X86 "Debug\final-project.exe.embed.manifest.res"
         Debug\main.obj
         final-project.vcxproj -> C:\Users\helos\Programming\cs3240\school-project\final-project\Debug\final-project.exe
       FinalizeBuildStatus:
         Deleting file "Debug\final-project.unsuccessfulbuild".
         Touching "Debug\final-project.lastbuildstate".
     1>Done Building Project "C:\Users\helos\Programming\cs3240\school-project\final-project\final-project.vcxproj" (build target(s)).

Build succeeded.

Time Elapsed 00:00:04.27
